#
# There is insufficient memory for the Java Runtime Environment to continue.
# Native memory allocation (mmap) failed to map 123731968 bytes for G1 virtual space
# Possible reasons:
#   The system is out of physical RAM or swap space
#   The process is running with CompressedOops enabled, and the Java Heap may be blocking the growth of the native heap
# Possible solutions:
#   Reduce memory load on the system
#   Increase physical memory or swap space
#   Check if swap backing store is full
#   Decrease Java heap size (-Xmx/-Xms)
#   Decrease number of Java threads
#   Decrease Java thread stack sizes (-Xss)
#   Set larger code cache with -XX:ReservedCodeCacheSize=
#   JVM is running with Unscaled Compressed Oops mode in which the Java heap is
#     placed in the first 4GB address space. The Java Heap base address is the
#     maximum limit for the native heap growth. Please use -XX:HeapBaseMinAddress
#     to set the Java Heap base and to place the Java Heap above 4GB virtual address.
# This output file may be truncated or incomplete.
#
#  Out of Memory Error (./open/src/hotspot/os/windows/os_windows.cpp:3472), pid=4492, tid=3688
#
# JRE version:  (15.0+36) (build )
# Java VM: Java HotSpot(TM) 64-Bit Server VM (15+36-1562, mixed mode, sharing, tiered, compressed oops, g1 gc, windows-amd64)
# No core dump will be written. Minidumps are not enabled by default on client versions of Windows
#

---------------  S U M M A R Y ------------

Command Line: -Dmaven.multiModuleProjectDirectory=C:\Users\User\IdeaProjects\Marathon\JavaMarathon2020 -Dmaven.home=C:\Program Files\JetBrains\IntelliJ IDEA Community Edition 2020.3\plugins\maven\lib\maven3 -Dclassworlds.conf=C:\Program Files\JetBrains\IntelliJ IDEA Community Edition 2020.3\plugins\maven\lib\maven3\bin\m2.conf -Dmaven.ext.class.path=C:\Program Files\JetBrains\IntelliJ IDEA Community Edition 2020.3\plugins\maven\lib\maven-event-listener.jar -javaagent:C:\Program Files\JetBrains\IntelliJ IDEA Community Edition 2020.3\lib\idea_rt.jar=59709:C:\Program Files\JetBrains\IntelliJ IDEA Community Edition 2020.3\bin -Dfile.encoding=UTF-8 org.codehaus.classworlds.Launcher -Didea.version=2020.3 --update-snapshots clean install

Host: AMD Ryzen 5 4600H with Radeon Graphics         , 12 cores, 7G,  Windows 10 , 64 bit Build 19041 (10.0.19041.546)
Time: Thu Dec 24 23:55:25 2020 RTZ 2 (зима) elapsed time: 0.010865 seconds (0d 0h 0m 0s)

---------------  T H R E A D  ---------------

Current thread (0x000001cd1b8a0070):  JavaThread "Unknown thread" [_thread_in_vm, id=3688, stack(0x00000048f2e00000,0x00000048f2f00000)]

Stack: [0x00000048f2e00000,0x00000048f2f00000]
Native frames: (J=compiled Java code, j=interpreted, Vv=VM code, C=native code)
V  [jvm.dll+0x629eaa]
V  [jvm.dll+0x780379]
V  [jvm.dll+0x781ad3]
V  [jvm.dll+0x782133]
V  [jvm.dll+0x2159d5]
V  [jvm.dll+0x627299]
V  [jvm.dll+0x61bdd5]
V  [jvm.dll+0x2cf96d]
V  [jvm.dll+0x2cf7d2]
V  [jvm.dll+0x2d57ac]
V  [jvm.dll+0x32523a]
V  [jvm.dll+0x324904]
V  [jvm.dll+0x2a68ea]
V  [jvm.dll+0x2a7a88]
V  [jvm.dll+0x75d0f1]
V  [jvm.dll+0x333af4]
V  [jvm.dll+0x73d816]
V  [jvm.dll+0x3b68e7]
V  [jvm.dll+0x3b8371]
C  [jli.dll+0x52fb]
C  [ucrtbase.dll+0x214c2]
C  [KERNEL32.DLL+0x17034]
C  [ntdll.dll+0x4cec1]


---------------  P R O C E S S  ---------------

Threads class SMR info:
_java_thread_list=0x00007fff356e2fa0, length=0, elements={
}

Java Threads: ( => current thread )

Other Threads:
  0x000001cd1b8e0a50 GCTaskThread "GC Thread#0" [stack: 0x00000048f2f00000,0x00000048f3000000] [id=2692]
  0x000001cd1b8f16c0 ConcurrentGCThread "G1 Main Marker" [stack: 0x00000048f3000000,0x00000048f3100000] [id=8476]
  0x000001cd1b8f4870 ConcurrentGCThread "G1 Conc#0" [stack: 0x00000048f3100000,0x00000048f3200000] [id=8176]

[error occurred during error reporting (printing all threads), id 0xc0000005, EXCEPTION_ACCESS_VIOLATION (0xc0000005) at pc=0x00007fff34ed77b7]

VM state: not at safepoint (not fully initialized)

VM Mutex/Monitor currently owned by a thread:  ([mutex/lock_event])
[0x000001cd1b89c100] Heap_lock - owner thread: 0x000001cd1b8a0070

Heap address: 0x000000008a000000, size: 1888 MB, Compressed Oops mode: 32-bit
CDS archive(s) mapped at: [0x0000000000000000-0x0000000000000000-0x0000000000000000), size 0, SharedBaseAddress: 0x0000000800000000, ArchiveRelocationMode: 0.
Narrow klass base: 0x0000000000000000, Narrow klass shift: 0, Narrow klass range: 0x0

Heap:
 garbage-first heap   total 120832K, used 0K [0x000000008a000000, 0x0000000100000000)
  region size 1024K, 0 young (0K), 0 survivors (0K)
 Metaspace       used 0K, capacity 0K, committed 0K, reserved 0K
  class space    used 0K, capacity 0K, committed 0K, reserved 0K

Heap Regions: E=young(eden), S=young(survivor), O=old, HS=humongous(starts), HC=humongous(continues), CS=collection set, F=free, OA=open archive, CA=closed archive, TAMS=top-at-mark-start (previous, next)

Card table byte_map: [0x000001cd333e0000,0x000001cd33790000] _byte_map_base: 0x000001cd32f90000

Marking Bits (Prev, Next): (CMBitMap*) 0x000001cd1b8e1150, (CMBitMap*) 0x000001cd1b8e1190
 Prev Bits: [0x000001cd33b40000, 0x000001cd358c0000)
 Next Bits: [0x000001cd358c0000, 0x000001cd37640000)

GC Heap History (0 events):
No events

Deoptimization events (0 events):
No events

Classes unloaded (0 events):
No events

Classes redefined (0 events):
No events

Internal exceptions (0 events):
No events

Events (1 events):
Event: 0.005 Loaded shared library C:\Program Files\Java\jdk-15\bin\java.dll


Dynamic libraries:
0x00007ff706b10000 - 0x00007ff706b1f000 	C:\Program Files\Java\jdk-15\bin\java.exe
0x00007fff94110000 - 0x00007fff94306000 	C:\Windows\SYSTEM32\ntdll.dll
0x00007fff93d20000 - 0x00007fff93ddd000 	C:\Windows\System32\KERNEL32.DLL
0x00007fff918a0000 - 0x00007fff91b68000 	C:\Windows\System32\KERNELBASE.dll
0x00007fff91ba0000 - 0x00007fff91ca0000 	C:\Windows\System32\ucrtbase.dll
0x00007fff82330000 - 0x00007fff82348000 	C:\Program Files\Java\jdk-15\bin\jli.dll
0x00007fff7fa60000 - 0x00007fff7fa79000 	C:\Program Files\Java\jdk-15\bin\VCRUNTIME140.dll
0x00007fff92e10000 - 0x00007fff92ebc000 	C:\Windows\System32\ADVAPI32.dll
0x00007fff92170000 - 0x00007fff9220e000 	C:\Windows\System32\msvcrt.dll
0x00007fff92ab0000 - 0x00007fff92b4b000 	C:\Windows\System32\sechost.dll
0x00007fff93f40000 - 0x00007fff94064000 	C:\Windows\System32\RPCRT4.dll
0x00007fff936a0000 - 0x00007fff93840000 	C:\Windows\System32\USER32.dll
0x00007fff91ed0000 - 0x00007fff91ef2000 	C:\Windows\System32\win32u.dll
0x00007fff7c970000 - 0x00007fff7cc0b000 	C:\Windows\WinSxS\amd64_microsoft.windows.common-controls_6595b64144ccf1df_6.0.19041.488_none_ca04af081b815d21\COMCTL32.dll
0x00007fff92a80000 - 0x00007fff92aaa000 	C:\Windows\System32\GDI32.dll
0x00007fff91f00000 - 0x00007fff92009000 	C:\Windows\System32\gdi32full.dll
0x00007fff91ca0000 - 0x00007fff91d3d000 	C:\Windows\System32\msvcp_win.dll
0x00007fff8a690000 - 0x00007fff8a69a000 	C:\Windows\SYSTEM32\VERSION.dll
0x00007fff93e00000 - 0x00007fff93e30000 	C:\Windows\System32\IMM32.DLL
0x00007fff82320000 - 0x00007fff8232c000 	C:\Program Files\Java\jdk-15\bin\vcruntime140_1.dll
0x00007fff48260000 - 0x00007fff482f1000 	C:\Program Files\Java\jdk-15\bin\msvcp140.dll
0x00007fff34c20000 - 0x00007fff3577c000 	C:\Program Files\Java\jdk-15\bin\server\jvm.dll
0x00007fff933d0000 - 0x00007fff933d8000 	C:\Windows\System32\PSAPI.DLL
0x00007fff79270000 - 0x00007fff79279000 	C:\Windows\SYSTEM32\WSOCK32.dll
0x00007fff88eb0000 - 0x00007fff88ed7000 	C:\Windows\SYSTEM32\WINMM.dll
0x00007fff93840000 - 0x00007fff938ab000 	C:\Windows\System32\WS2_32.dll
0x00007fff8f7a0000 - 0x00007fff8f7b2000 	C:\Windows\SYSTEM32\kernel.appcore.dll
0x00007fff7f670000 - 0x00007fff7f67a000 	C:\Program Files\Java\jdk-15\bin\jimage.dll
0x00007fff89b50000 - 0x00007fff89d34000 	C:\Windows\SYSTEM32\DBGHELP.DLL
0x00007fff77f80000 - 0x00007fff77fac000 	C:\Windows\SYSTEM32\dbgcore.DLL
0x00007fff91d40000 - 0x00007fff91dbf000 	C:\Windows\System32\bcryptPrimitives.dll
0x00007fff7e810000 - 0x00007fff7e81e000 	C:\Program Files\Java\jdk-15\bin\instrument.dll
0x00007fff72b00000 - 0x00007fff72b25000 	C:\Program Files\Java\jdk-15\bin\java.dll

dbghelp: loaded successfully - version: 4.0.5 - missing functions: none
symbol engine: initialized successfully - sym options: 0x614 - pdb path: .;C:\Program Files\Java\jdk-15\bin;C:\Windows\SYSTEM32;C:\Windows\WinSxS\amd64_microsoft.windows.common-controls_6595b64144ccf1df_6.0.19041.488_none_ca04af081b815d21;C:\Program Files\Java\jdk-15\bin\server

VM Arguments:
jvm_args: -Dmaven.multiModuleProjectDirectory=C:\Users\User\IdeaProjects\Marathon\JavaMarathon2020 -Dmaven.home=C:\Program Files\JetBrains\IntelliJ IDEA Community Edition 2020.3\plugins\maven\lib\maven3 -Dclassworlds.conf=C:\Program Files\JetBrains\IntelliJ IDEA Community Edition 2020.3\plugins\maven\lib\maven3\bin\m2.conf -Dmaven.ext.class.path=C:\Program Files\JetBrains\IntelliJ IDEA Community Edition 2020.3\plugins\maven\lib\maven-event-listener.jar -javaagent:C:\Program Files\JetBrains\IntelliJ IDEA Community Edition 2020.3\lib\idea_rt.jar=59709:C:\Program Files\JetBrains\IntelliJ IDEA Community Edition 2020.3\bin -Dfile.encoding=UTF-8 
java_command: org.codehaus.classworlds.Launcher -Didea.version=2020.3 --update-snapshots clean install
java_class_path (initial): C:\Program Files\JetBrains\IntelliJ IDEA Community Edition 2020.3\plugins\maven\lib\maven3\boot\plexus-classworlds-2.6.0.jar;C:\Program Files\JetBrains\IntelliJ IDEA Community Edition 2020.3\plugins\maven\lib\maven3\boot\plexus-classworlds.license
Launcher Type: SUN_STANDARD

[Global flags]
     intx CICompilerCount                          = 4                                         {product} {ergonomic}
     uint ConcGCThreads                            = 3                                         {product} {ergonomic}
     uint G1ConcRefinementThreads                  = 10                                        {product} {ergonomic}
   size_t G1HeapRegionSize                         = 1048576                                   {product} {ergonomic}
    uintx GCDrainStackTargetSize                   = 64                                        {product} {ergonomic}
   size_t InitialHeapSize                          = 123731968                                 {product} {ergonomic}
   size_t MarkStackSize                            = 4194304                                   {product} {ergonomic}
   size_t MaxHeapSize                              = 1979711488                                {product} {ergonomic}
   size_t MinHeapDeltaBytes                        = 1048576                                   {product} {ergonomic}
   size_t MinHeapSize                              = 8388608                                   {product} {ergonomic}
    uintx NonNMethodCodeHeapSize                   = 5839372                                {pd product} {ergonomic}
    uintx NonProfiledCodeHeapSize                  = 122909434                              {pd product} {ergonomic}
    uintx ProfiledCodeHeapSize                     = 122909434                              {pd product} {ergonomic}
    uintx ReservedCodeCacheSize                    = 251658240                              {pd product} {ergonomic}
     bool SegmentedCodeCache                       = true                                      {product} {ergonomic}
   size_t SoftMaxHeapSize                          = 1979711488                             {manageable} {ergonomic}
     bool UseCompressedClassPointers               = true                                 {lp64_product} {ergonomic}
     bool UseCompressedOops                        = true                                 {lp64_product} {ergonomic}
     bool UseG1GC                                  = true                                      {product} {ergonomic}
     bool UseLargePagesIndividualAllocation        = false                                  {pd product} {ergonomic}

Logging:
Log output configuration:
 #0: stdout all=warning uptime,level,tags
 #1: stderr all=off uptime,level,tags

Environment Variables:
PATH=C:\Program Files\Common Files\Oracle\Java\javapath;C:\Windows\system32;C:\Windows;C:\Windows\System32\Wbem;C:\Windows\System32\WindowsPowerShell\v1.0\;C:\Windows\System32\OpenSSH\;C:\Program Files (x86)\NVIDIA Corporation\PhysX\Common;C:\Program Files\Git\cmd;C:\Users\User\AppData\Local\Microsoft\WindowsApps;
USERNAME=User
OS=Windows_NT
PROCESSOR_IDENTIFIER=AMD64 Family 23 Model 96 Stepping 1, AuthenticAMD



---------------  S Y S T E M  ---------------

OS:
 Windows 10 , 64 bit Build 19041 (10.0.19041.546)
OS uptime: 0 days 1:19 hours

CPU: total 12 (initial active 12) (12 cores per cpu, 2 threads per core) family 23 model 96 stepping 1, cmov, cx8, fxsr, mmx, sse, sse2, sse3, ssse3, sse4.1, sse4.2, popcnt, vzeroupper, avx, avx2, aes, clmul, 3dnowpref, lzcnt, sse4a, ht, tsc, tscinvbit, tscinv, bmi1, bmi2, adx, sha, fma, clflush, clflushopt

Memory: 4k page, system-wide physical 7549M (871M free)
TotalPageFile size 15741M (AvailPageFile size 24M)
current process WorkingSet (physical memory assigned to process): 10M, peak: 10M
current process commit charge ("private bytes"): 64M, peak: 182M

vm_info: Java HotSpot(TM) 64-Bit Server VM (15+36-1562) for windows-amd64 JRE (15+36-1562), built on Aug 11 2020 22:38:02 by "mach5one" with unknown MS VC++:1925

END.
